<?xml version="1.0" encoding="UTF-8"?>
<testng-results skipped="0" failed="1" ignored="0" total="2" passed="1">
  <reporter-output>
    <line>
      <![CDATA[Actual: Facebook – log in or sign up]]>
    </line>
    <line>
      <![CDATA[Expected: ABCD]]>
    </line>
    <line>
      <![CDATA[Test is failed]]>
    </line>
    <line>
      <![CDATA[Actual: Google]]>
    </line>
    <line>
      <![CDATA[Expected: Google]]>
    </line>
    <line>
      <![CDATA[Test is Passed]]>
    </line>
  </reporter-output>
  <suite name="Default suite" duration-ms="15124" started-at="2020-08-18T03:20:15Z" finished-at="2020-08-18T03:20:30Z">
    <groups>
    </groups>
    <test name="Default test" duration-ms="15124" started-at="2020-08-18T03:20:15Z" finished-at="2020-08-18T03:20:30Z">
      <class name="testNG.P17">
        <test-method status="PASS" signature="openApp()[pri:0, instance:testNG.P17@27efef64]" name="openApp" is-config="true" duration-ms="4130" started-at="2020-08-18T03:20:15Z" finished-at="2020-08-18T03:20:19Z">
          <reporter-output>
          </reporter-output>
        </test-method> <!-- openApp -->
        <test-method status="FAIL" signature="fbTest()[pri:0, instance:testNG.P17@27efef64]" name="fbTest" duration-ms="1451" started-at="2020-08-18T03:20:19Z" finished-at="2020-08-18T03:20:21Z">
          <exception class="java.lang.AssertionError">
            <message>
              <![CDATA[The following asserts failed:
expected [ABCD] but found [Facebook – log in or sign up]]]>
            </message>
            <full-stacktrace>
              <![CDATA[java.lang.AssertionError: The following asserts failed:
expected [ABCD] but found [Facebook – log in or sign up]
at org.testng.asserts.SoftAssert.assertAll(SoftAssert.java:43)
at testNG.P17.fbTest(P17.java:74)
at sun.reflect.NativeMethodAccessorImpl.invoke0(Native Method)
at sun.reflect.NativeMethodAccessorImpl.invoke(Unknown Source)
at sun.reflect.DelegatingMethodAccessorImpl.invoke(Unknown Source)
at java.lang.reflect.Method.invoke(Unknown Source)
at org.testng.internal.MethodInvocationHelper.invokeMethod(MethodInvocationHelper.java:124)
at org.testng.internal.Invoker.invokeMethod(Invoker.java:583)
at org.testng.internal.Invoker.invokeTestMethod(Invoker.java:719)
at org.testng.internal.Invoker.invokeTestMethods(Invoker.java:989)
at org.testng.internal.TestMethodWorker.invokeTestMethods(TestMethodWorker.java:125)
at org.testng.internal.TestMethodWorker.run(TestMethodWorker.java:109)
at org.testng.TestRunner.privateRun(TestRunner.java:648)
at org.testng.TestRunner.run(TestRunner.java:505)
at org.testng.SuiteRunner.runTest(SuiteRunner.java:455)
at org.testng.SuiteRunner.runSequentially(SuiteRunner.java:450)
at org.testng.SuiteRunner.privateRun(SuiteRunner.java:415)
at org.testng.SuiteRunner.run(SuiteRunner.java:364)
at org.testng.SuiteRunnerWorker.runSuite(SuiteRunnerWorker.java:52)
at org.testng.SuiteRunnerWorker.run(SuiteRunnerWorker.java:84)
at org.testng.TestNG.runSuitesSequentially(TestNG.java:1208)
at org.testng.TestNG.runSuitesLocally(TestNG.java:1137)
at org.testng.TestNG.runSuites(TestNG.java:1049)
at org.testng.TestNG.run(TestNG.java:1017)
at org.testng.remote.AbstractRemoteTestNG.run(AbstractRemoteTestNG.java:114)
at org.testng.remote.RemoteTestNG.initAndRun(RemoteTestNG.java:251)
at org.testng.remote.RemoteTestNG.main(RemoteTestNG.java:77)
]]>
            </full-stacktrace>
          </exception> <!-- java.lang.AssertionError -->
          <reporter-output>
            <line>
              <![CDATA[Actual: Facebook – log in or sign up]]>
            </line>
            <line>
              <![CDATA[Expected: ABCD]]>
            </line>
            <line>
              <![CDATA[Test is failed]]>
            </line>
          </reporter-output>
        </test-method> <!-- fbTest -->
        <test-method status="PASS" signature="closeApp()[pri:0, instance:testNG.P17@27efef64]" name="closeApp" is-config="true" duration-ms="2304" started-at="2020-08-18T03:20:21Z" finished-at="2020-08-18T03:20:23Z">
          <reporter-output>
          </reporter-output>
        </test-method> <!-- closeApp -->
        <test-method status="PASS" signature="openApp()[pri:0, instance:testNG.P17@27efef64]" name="openApp" is-config="true" duration-ms="3615" started-at="2020-08-18T03:20:23Z" finished-at="2020-08-18T03:20:27Z">
          <reporter-output>
          </reporter-output>
        </test-method> <!-- openApp -->
        <test-method status="PASS" signature="googleTest()[pri:0, instance:testNG.P17@27efef64]" name="googleTest" duration-ms="1280" started-at="2020-08-18T03:20:27Z" finished-at="2020-08-18T03:20:28Z">
          <reporter-output>
            <line>
              <![CDATA[Actual: Google]]>
            </line>
            <line>
              <![CDATA[Expected: Google]]>
            </line>
            <line>
              <![CDATA[Test is Passed]]>
            </line>
          </reporter-output>
        </test-method> <!-- googleTest -->
        <test-method status="PASS" signature="closeApp()[pri:0, instance:testNG.P17@27efef64]" name="closeApp" is-config="true" duration-ms="2328" started-at="2020-08-18T03:20:28Z" finished-at="2020-08-18T03:20:30Z">
          <reporter-output>
          </reporter-output>
        </test-method> <!-- closeApp -->
      </class> <!-- testNG.P17 -->
    </test> <!-- Default test -->
  </suite> <!-- Default suite -->
</testng-results>
